2024-02-15T14:32:11.678+07:00  INFO 50944 --- [restartedMain] c.shopme.admin.ShopmeBackEndApplication  : Starting ShopmeBackEndApplication using Java 17.0.3.1 with PID 50944 (D:\Workplace_thang\WorkPlace\projectShopme\ShopmeProject\ShopmeWebParent\ShopmeBackEnd\target\classes started by Quân Anh in D:\Workplace_thang\WorkPlace\projectShopme\ShopmeProject\ShopmeWebParent\ShopmeBackEnd)
2024-02-15T14:32:11.680+07:00  INFO 50944 --- [restartedMain] c.shopme.admin.ShopmeBackEndApplication  : No active profile set, falling back to 1 default profile: "default"
2024-02-15T14:32:11.824+07:00  INFO 50944 --- [restartedMain] .s.d.r.c.RepositoryConfigurationDelegate : Bootstrapping Spring Data JPA repositories in DEFAULT mode.
2024-02-15T14:32:11.833+07:00  INFO 50944 --- [restartedMain] .s.d.r.c.RepositoryConfigurationDelegate : Finished Spring Data repository scanning in 8 ms. Found 2 JPA repository interfaces.
2024-02-15T14:32:11.922+07:00  INFO 50944 --- [restartedMain] o.s.b.w.embedded.tomcat.TomcatWebServer  : Tomcat initialized with port(s): 8080 (http)
2024-02-15T14:32:11.922+07:00  INFO 50944 --- [restartedMain] o.apache.catalina.core.StandardService   : Starting service [Tomcat]
2024-02-15T14:32:11.922+07:00  INFO 50944 --- [restartedMain] o.apache.catalina.core.StandardEngine    : Starting Servlet engine: [Apache Tomcat/10.1.15]
2024-02-15T14:32:11.939+07:00  INFO 50944 --- [restartedMain] o.a.c.c.C.[.[localhost].[/ShopmeAdmin]   : Initializing Spring embedded WebApplicationContext
2024-02-15T14:32:11.939+07:00  INFO 50944 --- [restartedMain] w.s.c.ServletWebServerApplicationContext : Root WebApplicationContext: initialization completed in 257 ms
2024-02-15T14:32:11.982+07:00  INFO 50944 --- [restartedMain] o.hibernate.jpa.internal.util.LogHelper  : HHH000204: Processing PersistenceUnitInfo [name: default]
2024-02-15T14:32:11.990+07:00  INFO 50944 --- [restartedMain] o.s.o.j.p.SpringPersistenceUnitInfo      : No LoadTimeWeaver setup: ignoring JPA class transformer
2024-02-15T14:32:11.991+07:00  INFO 50944 --- [restartedMain] com.zaxxer.hikari.HikariDataSource       : HikariPool-9 - Starting...
2024-02-15T14:32:12.011+07:00  INFO 50944 --- [restartedMain] com.zaxxer.hikari.pool.HikariPool        : HikariPool-9 - Added connection ConnectionID:81 ClientConnectionId: 18c9fba8-cc65-45f1-82c6-ff39986b86c9
2024-02-15T14:32:12.012+07:00  INFO 50944 --- [restartedMain] com.zaxxer.hikari.HikariDataSource       : HikariPool-9 - Start completed.
2024-02-15T14:32:12.012+07:00  WARN 50944 --- [restartedMain] org.hibernate.orm.deprecation            : HHH90000025: SQLServer2012Dialect does not need to be specified explicitly using 'hibernate.dialect' (remove the property setting and it will be selected by default)
2024-02-15T14:32:12.012+07:00  WARN 50944 --- [restartedMain] org.hibernate.orm.deprecation            : HHH90000026: SQLServer2012Dialect has been deprecated; use org.hibernate.dialect.SQLServerDialect instead
2024-02-15T14:32:12.038+07:00  INFO 50944 --- [restartedMain] o.h.e.t.j.p.i.JtaPlatformInitiator       : HHH000489: No JTA platform available (set 'hibernate.transaction.jta.platform' to enable JTA platform integration)
2024-02-15T14:32:12.066+07:00  INFO 50944 --- [restartedMain] j.LocalContainerEntityManagerFactoryBean : Initialized JPA EntityManagerFactory for persistence unit 'default'
2024-02-15T14:32:12.150+07:00  WARN 50944 --- [restartedMain] JpaBaseConfiguration$JpaWebConfiguration : spring.jpa.open-in-view is enabled by default. Therefore, database queries may be performed during view rendering. Explicitly configure spring.jpa.open-in-view to disable this warning
2024-02-15T14:32:12.174+07:00  INFO 50944 --- [restartedMain] o.s.b.a.w.s.WelcomePageHandlerMapping    : Adding welcome page template: index
2024-02-15T14:32:12.239+07:00  INFO 50944 --- [restartedMain] com.shopme.admin.MvcConfig               : D:\Workplace_thang\WorkPlace\projectShopme\ShopmeProject\ShopmeWebParent\ShopmeBackEnd\user-photos
2024-02-15T14:32:12.496+07:00  INFO 50944 --- [restartedMain] o.s.s.web.DefaultSecurityFilterChain     : Will secure any request with [org.springframework.security.web.session.DisableEncodeUrlFilter@66b484cd, org.springframework.security.web.context.request.async.WebAsyncManagerIntegrationFilter@25315808, org.springframework.security.web.context.SecurityContextHolderFilter@50a6ef5c, org.springframework.security.web.header.HeaderWriterFilter@4a50d162, org.springframework.security.web.csrf.CsrfFilter@11700a3, org.springframework.security.web.authentication.logout.LogoutFilter@3627b579, org.springframework.security.web.authentication.UsernamePasswordAuthenticationFilter@44f8e87e, org.springframework.security.web.savedrequest.RequestCacheAwareFilter@698deff3, org.springframework.security.web.servletapi.SecurityContextHolderAwareRequestFilter@1d8b650b, org.springframework.security.web.authentication.rememberme.RememberMeAuthenticationFilter@4f7f11e5, org.springframework.security.web.authentication.AnonymousAuthenticationFilter@2609efc8, org.springframework.security.web.access.ExceptionTranslationFilter@85f95bc, org.springframework.security.web.access.intercept.AuthorizationFilter@76b6ae15]
2024-02-15T14:32:12.498+07:00  WARN 50944 --- [restartedMain] o.s.s.c.a.web.builders.WebSecurity       : You are asking Spring Security to ignore Mvc [pattern='/images/**']. This is not recommended -- please use permitAll via HttpSecurity#authorizeHttpRequests instead.
2024-02-15T14:32:12.498+07:00  INFO 50944 --- [restartedMain] o.s.s.web.DefaultSecurityFilterChain     : Will not secure Mvc [pattern='/images/**']
2024-02-15T14:32:12.498+07:00  WARN 50944 --- [restartedMain] o.s.s.c.a.web.builders.WebSecurity       : You are asking Spring Security to ignore Mvc [pattern='/js/**']. This is not recommended -- please use permitAll via HttpSecurity#authorizeHttpRequests instead.
2024-02-15T14:32:12.498+07:00  INFO 50944 --- [restartedMain] o.s.s.web.DefaultSecurityFilterChain     : Will not secure Mvc [pattern='/js/**']
2024-02-15T14:32:12.498+07:00  WARN 50944 --- [restartedMain] o.s.s.c.a.web.builders.WebSecurity       : You are asking Spring Security to ignore Mvc [pattern='webjars/**']. This is not recommended -- please use permitAll via HttpSecurity#authorizeHttpRequests instead.
2024-02-15T14:32:12.498+07:00  INFO 50944 --- [restartedMain] o.s.s.web.DefaultSecurityFilterChain     : Will not secure Mvc [pattern='webjars/**']
2024-02-15T14:32:12.566+07:00  INFO 50944 --- [restartedMain] o.s.b.d.a.OptionalLiveReloadServer       : LiveReload server is running on port 35729
2024-02-15T14:32:12.576+07:00  INFO 50944 --- [restartedMain] o.s.b.w.embedded.tomcat.TomcatWebServer  : Tomcat started on port(s): 8080 (http) with context path '/ShopmeAdmin'
2024-02-15T14:32:12.580+07:00  INFO 50944 --- [restartedMain] c.shopme.admin.ShopmeBackEndApplication  : Started ShopmeBackEndApplication in 0.92 seconds (process running for 579.025)
2024-02-15T14:32:12.581+07:00  INFO 50944 --- [restartedMain] .ConditionEvaluationDeltaLoggingListener : Condition evaluation unchanged
2024-02-15T14:32:41.460+07:00  INFO 50944 --- [File Watcher] rtingClassPathChangeChangedEventListener : Restarting due to 1 class path change (0 additions, 1 deletion, 0 modifications)
2024-02-15T14:32:41.469+07:00  INFO 50944 --- [Thread-35] o.apache.catalina.core.StandardService   : Stopping service [Tomcat]
2024-02-15T14:32:41.473+07:00  INFO 50944 --- [Thread-35] j.LocalContainerEntityManagerFactoryBean : Closing JPA EntityManagerFactory for persistence unit 'default'
2024-02-15T14:32:41.474+07:00  INFO 50944 --- [Thread-35] com.zaxxer.hikari.HikariDataSource       : HikariPool-9 - Shutdown initiated...
2024-02-15T14:32:41.476+07:00  INFO 50944 --- [Thread-35] com.zaxxer.hikari.HikariDataSource       : HikariPool-9 - Shutdown completed.
2024-02-15T14:32:41.548+07:00  INFO 50944 --- [restartedMain] c.shopme.admin.ShopmeBackEndApplication  : Starting ShopmeBackEndApplication using Java 17.0.3.1 with PID 50944 (D:\Workplace_thang\WorkPlace\projectShopme\ShopmeProject\ShopmeWebParent\ShopmeBackEnd\target\classes started by Quân Anh in D:\Workplace_thang\WorkPlace\projectShopme\ShopmeProject\ShopmeWebParent\ShopmeBackEnd)
2024-02-15T14:32:41.549+07:00  INFO 50944 --- [restartedMain] c.shopme.admin.ShopmeBackEndApplication  : No active profile set, falling back to 1 default profile: "default"
2024-02-15T14:32:41.732+07:00  INFO 50944 --- [restartedMain] .s.d.r.c.RepositoryConfigurationDelegate : Bootstrapping Spring Data JPA repositories in DEFAULT mode.
2024-02-15T14:32:41.741+07:00  INFO 50944 --- [restartedMain] .s.d.r.c.RepositoryConfigurationDelegate : Finished Spring Data repository scanning in 8 ms. Found 2 JPA repository interfaces.
2024-02-15T14:32:41.832+07:00  INFO 50944 --- [restartedMain] o.s.b.w.embedded.tomcat.TomcatWebServer  : Tomcat initialized with port(s): 8080 (http)
2024-02-15T14:32:41.832+07:00  INFO 50944 --- [restartedMain] o.apache.catalina.core.StandardService   : Starting service [Tomcat]
2024-02-15T14:32:41.832+07:00  INFO 50944 --- [restartedMain] o.apache.catalina.core.StandardEngine    : Starting Servlet engine: [Apache Tomcat/10.1.15]
2024-02-15T14:32:41.849+07:00  INFO 50944 --- [restartedMain] o.a.c.c.C.[.[localhost].[/ShopmeAdmin]   : Initializing Spring embedded WebApplicationContext
2024-02-15T14:32:41.850+07:00  INFO 50944 --- [restartedMain] w.s.c.ServletWebServerApplicationContext : Root WebApplicationContext: initialization completed in 299 ms
2024-02-15T14:32:41.892+07:00  INFO 50944 --- [restartedMain] o.hibernate.jpa.internal.util.LogHelper  : HHH000204: Processing PersistenceUnitInfo [name: default]
2024-02-15T14:32:41.898+07:00  INFO 50944 --- [restartedMain] o.s.o.j.p.SpringPersistenceUnitInfo      : No LoadTimeWeaver setup: ignoring JPA class transformer
2024-02-15T14:32:41.899+07:00  INFO 50944 --- [restartedMain] com.zaxxer.hikari.HikariDataSource       : HikariPool-10 - Starting...
2024-02-15T14:32:41.917+07:00  INFO 50944 --- [restartedMain] com.zaxxer.hikari.pool.HikariPool        : HikariPool-10 - Added connection ConnectionID:91 ClientConnectionId: bf10bbb7-50b8-4f83-90cd-011c691a1129
2024-02-15T14:32:41.917+07:00  INFO 50944 --- [restartedMain] com.zaxxer.hikari.HikariDataSource       : HikariPool-10 - Start completed.
2024-02-15T14:32:41.918+07:00  WARN 50944 --- [restartedMain] org.hibernate.orm.deprecation            : HHH90000025: SQLServer2012Dialect does not need to be specified explicitly using 'hibernate.dialect' (remove the property setting and it will be selected by default)
2024-02-15T14:32:41.918+07:00  WARN 50944 --- [restartedMain] org.hibernate.orm.deprecation            : HHH90000026: SQLServer2012Dialect has been deprecated; use org.hibernate.dialect.SQLServerDialect instead
2024-02-15T14:32:41.952+07:00  INFO 50944 --- [restartedMain] o.h.e.t.j.p.i.JtaPlatformInitiator       : HHH000489: No JTA platform available (set 'hibernate.transaction.jta.platform' to enable JTA platform integration)
2024-02-15T14:32:42.432+07:00  INFO 50944 --- [restartedMain] j.LocalContainerEntityManagerFactoryBean : Initialized JPA EntityManagerFactory for persistence unit 'default'
2024-02-15T14:32:42.520+07:00  WARN 50944 --- [restartedMain] JpaBaseConfiguration$JpaWebConfiguration : spring.jpa.open-in-view is enabled by default. Therefore, database queries may be performed during view rendering. Explicitly configure spring.jpa.open-in-view to disable this warning
2024-02-15T14:32:42.545+07:00  INFO 50944 --- [restartedMain] o.s.b.a.w.s.WelcomePageHandlerMapping    : Adding welcome page template: index
2024-02-15T14:32:42.608+07:00  INFO 50944 --- [restartedMain] com.shopme.admin.MvcConfig               : D:\Workplace_thang\WorkPlace\projectShopme\ShopmeProject\ShopmeWebParent\ShopmeBackEnd\user-photos
2024-02-15T14:32:42.855+07:00  INFO 50944 --- [restartedMain] o.s.s.web.DefaultSecurityFilterChain     : Will secure any request with [org.springframework.security.web.session.DisableEncodeUrlFilter@7bc8ff32, org.springframework.security.web.context.request.async.WebAsyncManagerIntegrationFilter@4baef0dc, org.springframework.security.web.context.SecurityContextHolderFilter@77a1cae, org.springframework.security.web.header.HeaderWriterFilter@6ef2303e, org.springframework.security.web.csrf.CsrfFilter@7d4ec76d, org.springframework.security.web.authentication.logout.LogoutFilter@32e2555e, org.springframework.security.web.authentication.UsernamePasswordAuthenticationFilter@26b415e, org.springframework.security.web.savedrequest.RequestCacheAwareFilter@c84c683, org.springframework.security.web.servletapi.SecurityContextHolderAwareRequestFilter@1aa61a83, org.springframework.security.web.authentication.rememberme.RememberMeAuthenticationFilter@2283ace8, org.springframework.security.web.authentication.AnonymousAuthenticationFilter@13972946, org.springframework.security.web.access.ExceptionTranslationFilter@4f3b31e9, org.springframework.security.web.access.intercept.AuthorizationFilter@32a05ec1]
2024-02-15T14:32:42.857+07:00  WARN 50944 --- [restartedMain] o.s.s.c.a.web.builders.WebSecurity       : You are asking Spring Security to ignore Mvc [pattern='/images/**']. This is not recommended -- please use permitAll via HttpSecurity#authorizeHttpRequests instead.
2024-02-15T14:32:42.857+07:00  INFO 50944 --- [restartedMain] o.s.s.web.DefaultSecurityFilterChain     : Will not secure Mvc [pattern='/images/**']
2024-02-15T14:32:42.857+07:00  WARN 50944 --- [restartedMain] o.s.s.c.a.web.builders.WebSecurity       : You are asking Spring Security to ignore Mvc [pattern='/js/**']. This is not recommended -- please use permitAll via HttpSecurity#authorizeHttpRequests instead.
2024-02-15T14:32:42.857+07:00  INFO 50944 --- [restartedMain] o.s.s.web.DefaultSecurityFilterChain     : Will not secure Mvc [pattern='/js/**']
2024-02-15T14:32:42.857+07:00  WARN 50944 --- [restartedMain] o.s.s.c.a.web.builders.WebSecurity       : You are asking Spring Security to ignore Mvc [pattern='webjars/**']. This is not recommended -- please use permitAll via HttpSecurity#authorizeHttpRequests instead.
2024-02-15T14:32:42.857+07:00  INFO 50944 --- [restartedMain] o.s.s.web.DefaultSecurityFilterChain     : Will not secure Mvc [pattern='webjars/**']
2024-02-15T14:32:42.920+07:00  INFO 50944 --- [restartedMain] o.s.b.d.a.OptionalLiveReloadServer       : LiveReload server is running on port 35729
2024-02-15T14:32:42.929+07:00  INFO 50944 --- [restartedMain] o.s.b.w.embedded.tomcat.TomcatWebServer  : Tomcat started on port(s): 8080 (http) with context path '/ShopmeAdmin'
2024-02-15T14:32:42.932+07:00  INFO 50944 --- [restartedMain] c.shopme.admin.ShopmeBackEndApplication  : Started ShopmeBackEndApplication in 1.409 seconds (process running for 609.377)
2024-02-15T14:32:42.933+07:00  INFO 50944 --- [restartedMain] .ConditionEvaluationDeltaLoggingListener : Condition evaluation unchanged
2024-02-15T14:32:44.376+07:00  INFO 50944 --- [File Watcher] rtingClassPathChangeChangedEventListener : Restarting due to 1 class path change (1 addition, 0 deletions, 0 modifications)
2024-02-15T14:32:44.384+07:00  INFO 50944 --- [Thread-39] o.apache.catalina.core.StandardService   : Stopping service [Tomcat]
2024-02-15T14:32:44.387+07:00  INFO 50944 --- [Thread-39] j.LocalContainerEntityManagerFactoryBean : Closing JPA EntityManagerFactory for persistence unit 'default'
2024-02-15T14:32:44.387+07:00  INFO 50944 --- [Thread-39] com.zaxxer.hikari.HikariDataSource       : HikariPool-10 - Shutdown initiated...
2024-02-15T14:32:44.389+07:00  INFO 50944 --- [Thread-39] com.zaxxer.hikari.HikariDataSource       : HikariPool-10 - Shutdown completed.
2024-02-15T14:32:44.444+07:00  INFO 50944 --- [restartedMain] c.shopme.admin.ShopmeBackEndApplication  : Starting ShopmeBackEndApplication using Java 17.0.3.1 with PID 50944 (D:\Workplace_thang\WorkPlace\projectShopme\ShopmeProject\ShopmeWebParent\ShopmeBackEnd\target\classes started by Quân Anh in D:\Workplace_thang\WorkPlace\projectShopme\ShopmeProject\ShopmeWebParent\ShopmeBackEnd)
2024-02-15T14:32:44.444+07:00  INFO 50944 --- [restartedMain] c.shopme.admin.ShopmeBackEndApplication  : No active profile set, falling back to 1 default profile: "default"
2024-02-15T14:32:44.584+07:00  INFO 50944 --- [restartedMain] .s.d.r.c.RepositoryConfigurationDelegate : Bootstrapping Spring Data JPA repositories in DEFAULT mode.
2024-02-15T14:32:44.594+07:00  INFO 50944 --- [restartedMain] .s.d.r.c.RepositoryConfigurationDelegate : Finished Spring Data repository scanning in 9 ms. Found 2 JPA repository interfaces.
2024-02-15T14:32:44.677+07:00  INFO 50944 --- [restartedMain] o.s.b.w.embedded.tomcat.TomcatWebServer  : Tomcat initialized with port(s): 8080 (http)
2024-02-15T14:32:44.677+07:00  INFO 50944 --- [restartedMain] o.apache.catalina.core.StandardService   : Starting service [Tomcat]
2024-02-15T14:32:44.677+07:00  INFO 50944 --- [restartedMain] o.apache.catalina.core.StandardEngine    : Starting Servlet engine: [Apache Tomcat/10.1.15]
2024-02-15T14:32:44.694+07:00  INFO 50944 --- [restartedMain] o.a.c.c.C.[.[localhost].[/ShopmeAdmin]   : Initializing Spring embedded WebApplicationContext
2024-02-15T14:32:44.694+07:00  INFO 50944 --- [restartedMain] w.s.c.ServletWebServerApplicationContext : Root WebApplicationContext: initialization completed in 249 ms
2024-02-15T14:32:44.743+07:00  INFO 50944 --- [restartedMain] o.hibernate.jpa.internal.util.LogHelper  : HHH000204: Processing PersistenceUnitInfo [name: default]
2024-02-15T14:32:44.749+07:00  INFO 50944 --- [restartedMain] o.s.o.j.p.SpringPersistenceUnitInfo      : No LoadTimeWeaver setup: ignoring JPA class transformer
2024-02-15T14:32:44.750+07:00  INFO 50944 --- [restartedMain] com.zaxxer.hikari.HikariDataSource       : HikariPool-11 - Starting...
2024-02-15T14:32:44.771+07:00  INFO 50944 --- [restartedMain] com.zaxxer.hikari.pool.HikariPool        : HikariPool-11 - Added connection ConnectionID:101 ClientConnectionId: bb067fb8-e9ec-4915-8dcf-9bcd939587a6
2024-02-15T14:32:44.771+07:00  INFO 50944 --- [restartedMain] com.zaxxer.hikari.HikariDataSource       : HikariPool-11 - Start completed.
2024-02-15T14:32:44.772+07:00  WARN 50944 --- [restartedMain] org.hibernate.orm.deprecation            : HHH90000025: SQLServer2012Dialect does not need to be specified explicitly using 'hibernate.dialect' (remove the property setting and it will be selected by default)
2024-02-15T14:32:44.772+07:00  WARN 50944 --- [restartedMain] org.hibernate.orm.deprecation            : HHH90000026: SQLServer2012Dialect has been deprecated; use org.hibernate.dialect.SQLServerDialect instead
2024-02-15T14:32:44.797+07:00  INFO 50944 --- [restartedMain] o.h.e.t.j.p.i.JtaPlatformInitiator       : HHH000489: No JTA platform available (set 'hibernate.transaction.jta.platform' to enable JTA platform integration)
2024-02-15T14:32:44.825+07:00  INFO 50944 --- [restartedMain] j.LocalContainerEntityManagerFactoryBean : Initialized JPA EntityManagerFactory for persistence unit 'default'
2024-02-15T14:32:44.900+07:00  WARN 50944 --- [restartedMain] JpaBaseConfiguration$JpaWebConfiguration : spring.jpa.open-in-view is enabled by default. Therefore, database queries may be performed during view rendering. Explicitly configure spring.jpa.open-in-view to disable this warning
2024-02-15T14:32:44.923+07:00  INFO 50944 --- [restartedMain] o.s.b.a.w.s.WelcomePageHandlerMapping    : Adding welcome page template: index
2024-02-15T14:32:44.981+07:00  INFO 50944 --- [restartedMain] com.shopme.admin.MvcConfig               : D:\Workplace_thang\WorkPlace\projectShopme\ShopmeProject\ShopmeWebParent\ShopmeBackEnd\user-photos
2024-02-15T14:32:45.243+07:00  INFO 50944 --- [restartedMain] o.s.s.web.DefaultSecurityFilterChain     : Will secure any request with [org.springframework.security.web.session.DisableEncodeUrlFilter@411338a1, org.springframework.security.web.context.request.async.WebAsyncManagerIntegrationFilter@454882ec, org.springframework.security.web.context.SecurityContextHolderFilter@1d19794f, org.springframework.security.web.header.HeaderWriterFilter@9abe9bd, org.springframework.security.web.csrf.CsrfFilter@3adf9368, org.springframework.security.web.authentication.logout.LogoutFilter@3d46458c, org.springframework.security.web.authentication.UsernamePasswordAuthenticationFilter@6852b294, org.springframework.security.web.savedrequest.RequestCacheAwareFilter@5b1bfd57, org.springframework.security.web.servletapi.SecurityContextHolderAwareRequestFilter@3d737aa8, org.springframework.security.web.authentication.rememberme.RememberMeAuthenticationFilter@67b7f037, org.springframework.security.web.authentication.AnonymousAuthenticationFilter@38734ec3, org.springframework.security.web.access.ExceptionTranslationFilter@111ee20e, org.springframework.security.web.access.intercept.AuthorizationFilter@1f336d92]
2024-02-15T14:32:45.245+07:00  WARN 50944 --- [restartedMain] o.s.s.c.a.web.builders.WebSecurity       : You are asking Spring Security to ignore Mvc [pattern='/images/**']. This is not recommended -- please use permitAll via HttpSecurity#authorizeHttpRequests instead.
2024-02-15T14:32:45.245+07:00  INFO 50944 --- [restartedMain] o.s.s.web.DefaultSecurityFilterChain     : Will not secure Mvc [pattern='/images/**']
2024-02-15T14:32:45.245+07:00  WARN 50944 --- [restartedMain] o.s.s.c.a.web.builders.WebSecurity       : You are asking Spring Security to ignore Mvc [pattern='/js/**']. This is not recommended -- please use permitAll via HttpSecurity#authorizeHttpRequests instead.
2024-02-15T14:32:45.245+07:00  INFO 50944 --- [restartedMain] o.s.s.web.DefaultSecurityFilterChain     : Will not secure Mvc [pattern='/js/**']
2024-02-15T14:32:45.245+07:00  WARN 50944 --- [restartedMain] o.s.s.c.a.web.builders.WebSecurity       : You are asking Spring Security to ignore Mvc [pattern='webjars/**']. This is not recommended -- please use permitAll via HttpSecurity#authorizeHttpRequests instead.
2024-02-15T14:32:45.245+07:00  INFO 50944 --- [restartedMain] o.s.s.web.DefaultSecurityFilterChain     : Will not secure Mvc [pattern='webjars/**']
2024-02-15T14:32:45.311+07:00  INFO 50944 --- [restartedMain] o.s.b.d.a.OptionalLiveReloadServer       : LiveReload server is running on port 35729
2024-02-15T14:32:45.320+07:00  INFO 50944 --- [restartedMain] o.s.b.w.embedded.tomcat.TomcatWebServer  : Tomcat started on port(s): 8080 (http) with context path '/ShopmeAdmin'
2024-02-15T14:32:45.323+07:00  INFO 50944 --- [restartedMain] c.shopme.admin.ShopmeBackEndApplication  : Started ShopmeBackEndApplication in 0.896 seconds (process running for 611.768)
2024-02-15T14:32:45.324+07:00  INFO 50944 --- [restartedMain] .ConditionEvaluationDeltaLoggingListener : Condition evaluation unchanged
2024-02-15T14:32:51.832+07:00  INFO 50944 --- [File Watcher] rtingClassPathChangeChangedEventListener : Restarting due to 1 class path change (0 additions, 1 deletion, 0 modifications)
2024-02-15T14:32:51.842+07:00  INFO 50944 --- [Thread-43] o.apache.catalina.core.StandardService   : Stopping service [Tomcat]
2024-02-15T14:32:51.846+07:00  INFO 50944 --- [Thread-43] j.LocalContainerEntityManagerFactoryBean : Closing JPA EntityManagerFactory for persistence unit 'default'
2024-02-15T14:32:51.846+07:00  INFO 50944 --- [Thread-43] com.zaxxer.hikari.HikariDataSource       : HikariPool-11 - Shutdown initiated...
2024-02-15T14:32:51.848+07:00  INFO 50944 --- [Thread-43] com.zaxxer.hikari.HikariDataSource       : HikariPool-11 - Shutdown completed.
2024-02-15T14:32:51.924+07:00  INFO 50944 --- [restartedMain] c.shopme.admin.ShopmeBackEndApplication  : Starting ShopmeBackEndApplication using Java 17.0.3.1 with PID 50944 (D:\Workplace_thang\WorkPlace\projectShopme\ShopmeProject\ShopmeWebParent\ShopmeBackEnd\target\classes started by Quân Anh in D:\Workplace_thang\WorkPlace\projectShopme\ShopmeProject\ShopmeWebParent\ShopmeBackEnd)
2024-02-15T14:32:51.924+07:00  INFO 50944 --- [restartedMain] c.shopme.admin.ShopmeBackEndApplication  : No active profile set, falling back to 1 default profile: "default"
2024-02-15T14:32:52.075+07:00  INFO 50944 --- [restartedMain] .s.d.r.c.RepositoryConfigurationDelegate : Bootstrapping Spring Data JPA repositories in DEFAULT mode.
2024-02-15T14:32:52.084+07:00  INFO 50944 --- [restartedMain] .s.d.r.c.RepositoryConfigurationDelegate : Finished Spring Data repository scanning in 8 ms. Found 2 JPA repository interfaces.
2024-02-15T14:32:52.174+07:00  INFO 50944 --- [restartedMain] o.s.b.w.embedded.tomcat.TomcatWebServer  : Tomcat initialized with port(s): 8080 (http)
2024-02-15T14:32:52.175+07:00  INFO 50944 --- [restartedMain] o.apache.catalina.core.StandardService   : Starting service [Tomcat]
2024-02-15T14:32:52.175+07:00  INFO 50944 --- [restartedMain] o.apache.catalina.core.StandardEngine    : Starting Servlet engine: [Apache Tomcat/10.1.15]
2024-02-15T14:32:52.193+07:00  INFO 50944 --- [restartedMain] o.a.c.c.C.[.[localhost].[/ShopmeAdmin]   : Initializing Spring embedded WebApplicationContext
2024-02-15T14:32:52.193+07:00  INFO 50944 --- [restartedMain] w.s.c.ServletWebServerApplicationContext : Root WebApplicationContext: initialization completed in 267 ms
2024-02-15T14:32:52.240+07:00  INFO 50944 --- [restartedMain] o.hibernate.jpa.internal.util.LogHelper  : HHH000204: Processing PersistenceUnitInfo [name: default]
2024-02-15T14:32:52.248+07:00  INFO 50944 --- [restartedMain] o.s.o.j.p.SpringPersistenceUnitInfo      : No LoadTimeWeaver setup: ignoring JPA class transformer
2024-02-15T14:32:52.249+07:00  INFO 50944 --- [restartedMain] com.zaxxer.hikari.HikariDataSource       : HikariPool-12 - Starting...
2024-02-15T14:32:52.265+07:00  INFO 50944 --- [restartedMain] com.zaxxer.hikari.pool.HikariPool        : HikariPool-12 - Added connection ConnectionID:111 ClientConnectionId: 9908ac09-37ea-43d2-a067-2142c47fb76a
2024-02-15T14:32:52.265+07:00  INFO 50944 --- [restartedMain] com.zaxxer.hikari.HikariDataSource       : HikariPool-12 - Start completed.
2024-02-15T14:32:52.265+07:00  WARN 50944 --- [restartedMain] org.hibernate.orm.deprecation            : HHH90000025: SQLServer2012Dialect does not need to be specified explicitly using 'hibernate.dialect' (remove the property setting and it will be selected by default)
2024-02-15T14:32:52.265+07:00  WARN 50944 --- [restartedMain] org.hibernate.orm.deprecation            : HHH90000026: SQLServer2012Dialect has been deprecated; use org.hibernate.dialect.SQLServerDialect instead
2024-02-15T14:32:52.298+07:00  INFO 50944 --- [restartedMain] o.h.e.t.j.p.i.JtaPlatformInitiator       : HHH000489: No JTA platform available (set 'hibernate.transaction.jta.platform' to enable JTA platform integration)
2024-02-15T14:32:52.332+07:00  INFO 50944 --- [restartedMain] j.LocalContainerEntityManagerFactoryBean : Initialized JPA EntityManagerFactory for persistence unit 'default'
2024-02-15T14:32:52.418+07:00  WARN 50944 --- [restartedMain] JpaBaseConfiguration$JpaWebConfiguration : spring.jpa.open-in-view is enabled by default. Therefore, database queries may be performed during view rendering. Explicitly configure spring.jpa.open-in-view to disable this warning
2024-02-15T14:32:52.445+07:00  INFO 50944 --- [restartedMain] o.s.b.a.w.s.WelcomePageHandlerMapping    : Adding welcome page template: index
2024-02-15T14:32:52.518+07:00  INFO 50944 --- [restartedMain] com.shopme.admin.MvcConfig               : D:\Workplace_thang\WorkPlace\projectShopme\ShopmeProject\ShopmeWebParent\ShopmeBackEnd\user-photos
2024-02-15T14:32:52.774+07:00  INFO 50944 --- [restartedMain] o.s.s.web.DefaultSecurityFilterChain     : Will secure any request with [org.springframework.security.web.session.DisableEncodeUrlFilter@69d4be3c, org.springframework.security.web.context.request.async.WebAsyncManagerIntegrationFilter@6a6c4126, org.springframework.security.web.context.SecurityContextHolderFilter@47b1b04b, org.springframework.security.web.header.HeaderWriterFilter@ccb073e, org.springframework.security.web.csrf.CsrfFilter@2c711999, org.springframework.security.web.authentication.logout.LogoutFilter@5eccc7d9, org.springframework.security.web.authentication.UsernamePasswordAuthenticationFilter@1f4ab90d, org.springframework.security.web.savedrequest.RequestCacheAwareFilter@6328c4f5, org.springframework.security.web.servletapi.SecurityContextHolderAwareRequestFilter@40131327, org.springframework.security.web.authentication.rememberme.RememberMeAuthenticationFilter@27004732, org.springframework.security.web.authentication.AnonymousAuthenticationFilter@20a41fb7, org.springframework.security.web.access.ExceptionTranslationFilter@3c83f364, org.springframework.security.web.access.intercept.AuthorizationFilter@23b411f9]
2024-02-15T14:32:52.776+07:00  WARN 50944 --- [restartedMain] o.s.s.c.a.web.builders.WebSecurity       : You are asking Spring Security to ignore Mvc [pattern='/images/**']. This is not recommended -- please use permitAll via HttpSecurity#authorizeHttpRequests instead.
2024-02-15T14:32:52.776+07:00  INFO 50944 --- [restartedMain] o.s.s.web.DefaultSecurityFilterChain     : Will not secure Mvc [pattern='/images/**']
2024-02-15T14:32:52.776+07:00  WARN 50944 --- [restartedMain] o.s.s.c.a.web.builders.WebSecurity       : You are asking Spring Security to ignore Mvc [pattern='/js/**']. This is not recommended -- please use permitAll via HttpSecurity#authorizeHttpRequests instead.
2024-02-15T14:32:52.776+07:00  INFO 50944 --- [restartedMain] o.s.s.web.DefaultSecurityFilterChain     : Will not secure Mvc [pattern='/js/**']
2024-02-15T14:32:52.776+07:00  WARN 50944 --- [restartedMain] o.s.s.c.a.web.builders.WebSecurity       : You are asking Spring Security to ignore Mvc [pattern='webjars/**']. This is not recommended -- please use permitAll via HttpSecurity#authorizeHttpRequests instead.
2024-02-15T14:32:52.776+07:00  INFO 50944 --- [restartedMain] o.s.s.web.DefaultSecurityFilterChain     : Will not secure Mvc [pattern='webjars/**']
2024-02-15T14:32:52.848+07:00  INFO 50944 --- [restartedMain] o.s.b.d.a.OptionalLiveReloadServer       : LiveReload server is running on port 35729
2024-02-15T14:32:52.858+07:00  INFO 50944 --- [restartedMain] o.s.b.w.embedded.tomcat.TomcatWebServer  : Tomcat started on port(s): 8080 (http) with context path '/ShopmeAdmin'
2024-02-15T14:32:52.862+07:00  INFO 50944 --- [restartedMain] c.shopme.admin.ShopmeBackEndApplication  : Started ShopmeBackEndApplication in 0.96 seconds (process running for 619.306)
2024-02-15T14:32:52.863+07:00  INFO 50944 --- [restartedMain] .ConditionEvaluationDeltaLoggingListener : Condition evaluation unchanged
2024-02-15T14:32:54.274+07:00  INFO 50944 --- [File Watcher] rtingClassPathChangeChangedEventListener : Restarting due to 1 class path change (1 addition, 0 deletions, 0 modifications)
2024-02-15T14:32:54.283+07:00  INFO 50944 --- [Thread-47] o.apache.catalina.core.StandardService   : Stopping service [Tomcat]
2024-02-15T14:32:54.287+07:00  INFO 50944 --- [Thread-47] j.LocalContainerEntityManagerFactoryBean : Closing JPA EntityManagerFactory for persistence unit 'default'
2024-02-15T14:32:54.288+07:00  INFO 50944 --- [Thread-47] com.zaxxer.hikari.HikariDataSource       : HikariPool-12 - Shutdown initiated...
2024-02-15T14:32:54.289+07:00  INFO 50944 --- [Thread-47] com.zaxxer.hikari.HikariDataSource       : HikariPool-12 - Shutdown completed.
2024-02-15T14:32:54.347+07:00  INFO 50944 --- [restartedMain] c.shopme.admin.ShopmeBackEndApplication  : Starting ShopmeBackEndApplication using Java 17.0.3.1 with PID 50944 (D:\Workplace_thang\WorkPlace\projectShopme\ShopmeProject\ShopmeWebParent\ShopmeBackEnd\target\classes started by Quân Anh in D:\Workplace_thang\WorkPlace\projectShopme\ShopmeProject\ShopmeWebParent\ShopmeBackEnd)
2024-02-15T14:32:54.347+07:00  INFO 50944 --- [restartedMain] c.shopme.admin.ShopmeBackEndApplication  : No active profile set, falling back to 1 default profile: "default"
2024-02-15T14:32:54.484+07:00  INFO 50944 --- [restartedMain] .s.d.r.c.RepositoryConfigurationDelegate : Bootstrapping Spring Data JPA repositories in DEFAULT mode.
2024-02-15T14:32:54.494+07:00  INFO 50944 --- [restartedMain] .s.d.r.c.RepositoryConfigurationDelegate : Finished Spring Data repository scanning in 9 ms. Found 2 JPA repository interfaces.
2024-02-15T14:32:54.580+07:00  INFO 50944 --- [restartedMain] o.s.b.w.embedded.tomcat.TomcatWebServer  : Tomcat initialized with port(s): 8080 (http)
2024-02-15T14:32:54.581+07:00  INFO 50944 --- [restartedMain] o.apache.catalina.core.StandardService   : Starting service [Tomcat]
2024-02-15T14:32:54.581+07:00  INFO 50944 --- [restartedMain] o.apache.catalina.core.StandardEngine    : Starting Servlet engine: [Apache Tomcat/10.1.15]
2024-02-15T14:32:54.597+07:00  INFO 50944 --- [restartedMain] o.a.c.c.C.[.[localhost].[/ShopmeAdmin]   : Initializing Spring embedded WebApplicationContext
2024-02-15T14:32:54.597+07:00  INFO 50944 --- [restartedMain] w.s.c.ServletWebServerApplicationContext : Root WebApplicationContext: initialization completed in 249 ms
2024-02-15T14:32:54.638+07:00  INFO 50944 --- [restartedMain] o.hibernate.jpa.internal.util.LogHelper  : HHH000204: Processing PersistenceUnitInfo [name: default]
2024-02-15T14:32:54.644+07:00  INFO 50944 --- [restartedMain] o.s.o.j.p.SpringPersistenceUnitInfo      : No LoadTimeWeaver setup: ignoring JPA class transformer
2024-02-15T14:32:54.645+07:00  INFO 50944 --- [restartedMain] com.zaxxer.hikari.HikariDataSource       : HikariPool-13 - Starting...
2024-02-15T14:32:54.663+07:00  INFO 50944 --- [restartedMain] com.zaxxer.hikari.pool.HikariPool        : HikariPool-13 - Added connection ConnectionID:121 ClientConnectionId: f72294da-6060-4dac-85f5-2008a8f35bd5
2024-02-15T14:32:54.663+07:00  INFO 50944 --- [restartedMain] com.zaxxer.hikari.HikariDataSource       : HikariPool-13 - Start completed.
2024-02-15T14:32:54.664+07:00  WARN 50944 --- [restartedMain] org.hibernate.orm.deprecation            : HHH90000025: SQLServer2012Dialect does not need to be specified explicitly using 'hibernate.dialect' (remove the property setting and it will be selected by default)
2024-02-15T14:32:54.664+07:00  WARN 50944 --- [restartedMain] org.hibernate.orm.deprecation            : HHH90000026: SQLServer2012Dialect has been deprecated; use org.hibernate.dialect.SQLServerDialect instead
2024-02-15T14:32:54.692+07:00  INFO 50944 --- [restartedMain] o.h.e.t.j.p.i.JtaPlatformInitiator       : HHH000489: No JTA platform available (set 'hibernate.transaction.jta.platform' to enable JTA platform integration)
2024-02-15T14:32:54.724+07:00  INFO 50944 --- [restartedMain] j.LocalContainerEntityManagerFactoryBean : Initialized JPA EntityManagerFactory for persistence unit 'default'
2024-02-15T14:32:54.806+07:00  WARN 50944 --- [restartedMain] JpaBaseConfiguration$JpaWebConfiguration : spring.jpa.open-in-view is enabled by default. Therefore, database queries may be performed during view rendering. Explicitly configure spring.jpa.open-in-view to disable this warning
2024-02-15T14:32:54.833+07:00  INFO 50944 --- [restartedMain] o.s.b.a.w.s.WelcomePageHandlerMapping    : Adding welcome page template: index
2024-02-15T14:32:54.898+07:00  INFO 50944 --- [restartedMain] com.shopme.admin.MvcConfig               : D:\Workplace_thang\WorkPlace\projectShopme\ShopmeProject\ShopmeWebParent\ShopmeBackEnd\user-photos
2024-02-15T14:32:55.155+07:00  INFO 50944 --- [restartedMain] o.s.s.web.DefaultSecurityFilterChain     : Will secure any request with [org.springframework.security.web.session.DisableEncodeUrlFilter@68d66b02, org.springframework.security.web.context.request.async.WebAsyncManagerIntegrationFilter@3e5d8e21, org.springframework.security.web.context.SecurityContextHolderFilter@2aa8a00d, org.springframework.security.web.header.HeaderWriterFilter@6818b011, org.springframework.security.web.csrf.CsrfFilter@46a6351a, org.springframework.security.web.authentication.logout.LogoutFilter@727bf471, org.springframework.security.web.authentication.UsernamePasswordAuthenticationFilter@250c551e, org.springframework.security.web.savedrequest.RequestCacheAwareFilter@5dd15ea7, org.springframework.security.web.servletapi.SecurityContextHolderAwareRequestFilter@3009213b, org.springframework.security.web.authentication.rememberme.RememberMeAuthenticationFilter@879f5b2, org.springframework.security.web.authentication.AnonymousAuthenticationFilter@79be8851, org.springframework.security.web.access.ExceptionTranslationFilter@1a7ee977, org.springframework.security.web.access.intercept.AuthorizationFilter@5c71459c]
2024-02-15T14:32:55.157+07:00  WARN 50944 --- [restartedMain] o.s.s.c.a.web.builders.WebSecurity       : You are asking Spring Security to ignore Mvc [pattern='/images/**']. This is not recommended -- please use permitAll via HttpSecurity#authorizeHttpRequests instead.
2024-02-15T14:32:55.158+07:00  INFO 50944 --- [restartedMain] o.s.s.web.DefaultSecurityFilterChain     : Will not secure Mvc [pattern='/images/**']
2024-02-15T14:32:55.158+07:00  WARN 50944 --- [restartedMain] o.s.s.c.a.web.builders.WebSecurity       : You are asking Spring Security to ignore Mvc [pattern='/js/**']. This is not recommended -- please use permitAll via HttpSecurity#authorizeHttpRequests instead.
2024-02-15T14:32:55.158+07:00  INFO 50944 --- [restartedMain] o.s.s.web.DefaultSecurityFilterChain     : Will not secure Mvc [pattern='/js/**']
2024-02-15T14:32:55.158+07:00  WARN 50944 --- [restartedMain] o.s.s.c.a.web.builders.WebSecurity       : You are asking Spring Security to ignore Mvc [pattern='webjars/**']. This is not recommended -- please use permitAll via HttpSecurity#authorizeHttpRequests instead.
2024-02-15T14:32:55.158+07:00  INFO 50944 --- [restartedMain] o.s.s.web.DefaultSecurityFilterChain     : Will not secure Mvc [pattern='webjars/**']
2024-02-15T14:32:55.225+07:00  INFO 50944 --- [restartedMain] o.s.b.d.a.OptionalLiveReloadServer       : LiveReload server is running on port 35729
2024-02-15T14:32:55.237+07:00  INFO 50944 --- [restartedMain] o.s.b.w.embedded.tomcat.TomcatWebServer  : Tomcat started on port(s): 8080 (http) with context path '/ShopmeAdmin'
2024-02-15T14:32:55.241+07:00  INFO 50944 --- [restartedMain] c.shopme.admin.ShopmeBackEndApplication  : Started ShopmeBackEndApplication in 0.912 seconds (process running for 621.686)
2024-02-15T14:32:55.242+07:00  INFO 50944 --- [restartedMain] .ConditionEvaluationDeltaLoggingListener : Condition evaluation unchanged
2024-02-15T14:33:15.007+07:00  INFO 50944 --- [File Watcher] rtingClassPathChangeChangedEventListener : Restarting due to 1 class path change (0 additions, 1 deletion, 0 modifications)
2024-02-15T14:33:15.016+07:00  INFO 50944 --- [Thread-51] o.apache.catalina.core.StandardService   : Stopping service [Tomcat]
2024-02-15T14:33:15.020+07:00  INFO 50944 --- [Thread-51] j.LocalContainerEntityManagerFactoryBean : Closing JPA EntityManagerFactory for persistence unit 'default'
2024-02-15T14:33:15.020+07:00  INFO 50944 --- [Thread-51] com.zaxxer.hikari.HikariDataSource       : HikariPool-13 - Shutdown initiated...
2024-02-15T14:33:15.022+07:00  INFO 50944 --- [Thread-51] com.zaxxer.hikari.HikariDataSource       : HikariPool-13 - Shutdown completed.
2024-02-15T14:33:15.088+07:00  INFO 50944 --- [restartedMain] c.shopme.admin.ShopmeBackEndApplication  : Starting ShopmeBackEndApplication using Java 17.0.3.1 with PID 50944 (D:\Workplace_thang\WorkPlace\projectShopme\ShopmeProject\ShopmeWebParent\ShopmeBackEnd\target\classes started by Quân Anh in D:\Workplace_thang\WorkPlace\projectShopme\ShopmeProject\ShopmeWebParent\ShopmeBackEnd)
2024-02-15T14:33:15.088+07:00  INFO 50944 --- [restartedMain] c.shopme.admin.ShopmeBackEndApplication  : No active profile set, falling back to 1 default profile: "default"
2024-02-15T14:33:15.250+07:00  INFO 50944 --- [restartedMain] .s.d.r.c.RepositoryConfigurationDelegate : Bootstrapping Spring Data JPA repositories in DEFAULT mode.
2024-02-15T14:33:15.260+07:00  INFO 50944 --- [restartedMain] .s.d.r.c.RepositoryConfigurationDelegate : Finished Spring Data repository scanning in 10 ms. Found 2 JPA repository interfaces.
2024-02-15T14:33:15.382+07:00  INFO 50944 --- [restartedMain] o.s.b.w.embedded.tomcat.TomcatWebServer  : Tomcat initialized with port(s): 8080 (http)
2024-02-15T14:33:15.383+07:00  INFO 50944 --- [restartedMain] o.apache.catalina.core.StandardService   : Starting service [Tomcat]
2024-02-15T14:33:15.383+07:00  INFO 50944 --- [restartedMain] o.apache.catalina.core.StandardEngine    : Starting Servlet engine: [Apache Tomcat/10.1.15]
2024-02-15T14:33:15.400+07:00  INFO 50944 --- [restartedMain] o.a.c.c.C.[.[localhost].[/ShopmeAdmin]   : Initializing Spring embedded WebApplicationContext
2024-02-15T14:33:15.400+07:00  INFO 50944 --- [restartedMain] w.s.c.ServletWebServerApplicationContext : Root WebApplicationContext: initialization completed in 311 ms
2024-02-15T14:33:15.442+07:00  INFO 50944 --- [restartedMain] o.hibernate.jpa.internal.util.LogHelper  : HHH000204: Processing PersistenceUnitInfo [name: default]
2024-02-15T14:33:15.449+07:00  INFO 50944 --- [restartedMain] o.s.o.j.p.SpringPersistenceUnitInfo      : No LoadTimeWeaver setup: ignoring JPA class transformer
2024-02-15T14:33:15.450+07:00  INFO 50944 --- [restartedMain] com.zaxxer.hikari.HikariDataSource       : HikariPool-14 - Starting...
2024-02-15T14:33:15.469+07:00  INFO 50944 --- [restartedMain] com.zaxxer.hikari.pool.HikariPool        : HikariPool-14 - Added connection ConnectionID:131 ClientConnectionId: e2d93256-2912-44ba-bb87-45db2d8a4e82
2024-02-15T14:33:15.469+07:00  INFO 50944 --- [restartedMain] com.zaxxer.hikari.HikariDataSource       : HikariPool-14 - Start completed.
2024-02-15T14:33:15.469+07:00  WARN 50944 --- [restartedMain] org.hibernate.orm.deprecation            : HHH90000025: SQLServer2012Dialect does not need to be specified explicitly using 'hibernate.dialect' (remove the property setting and it will be selected by default)
2024-02-15T14:33:15.469+07:00  WARN 50944 --- [restartedMain] org.hibernate.orm.deprecation            : HHH90000026: SQLServer2012Dialect has been deprecated; use org.hibernate.dialect.SQLServerDialect instead
2024-02-15T14:33:15.498+07:00  INFO 50944 --- [restartedMain] o.h.e.t.j.p.i.JtaPlatformInitiator       : HHH000489: No JTA platform available (set 'hibernate.transaction.jta.platform' to enable JTA platform integration)
2024-02-15T14:33:15.530+07:00  INFO 50944 --- [restartedMain] j.LocalContainerEntityManagerFactoryBean : Initialized JPA EntityManagerFactory for persistence unit 'default'
2024-02-15T14:33:15.614+07:00  WARN 50944 --- [restartedMain] JpaBaseConfiguration$JpaWebConfiguration : spring.jpa.open-in-view is enabled by default. Therefore, database queries may be performed during view rendering. Explicitly configure spring.jpa.open-in-view to disable this warning
2024-02-15T14:33:15.637+07:00  INFO 50944 --- [restartedMain] o.s.b.a.w.s.WelcomePageHandlerMapping    : Adding welcome page template: index
2024-02-15T14:33:15.731+07:00  INFO 50944 --- [restartedMain] com.shopme.admin.MvcConfig               : D:\Workplace_thang\WorkPlace\projectShopme\ShopmeProject\ShopmeWebParent\ShopmeBackEnd\user-photos
2024-02-15T14:33:15.979+07:00  INFO 50944 --- [restartedMain] o.s.s.web.DefaultSecurityFilterChain     : Will secure any request with [org.springframework.security.web.session.DisableEncodeUrlFilter@ddc7789, org.springframework.security.web.context.request.async.WebAsyncManagerIntegrationFilter@64aca9f0, org.springframework.security.web.context.SecurityContextHolderFilter@168cc77f, org.springframework.security.web.header.HeaderWriterFilter@27a968b4, org.springframework.security.web.csrf.CsrfFilter@4d4f6f43, org.springframework.security.web.authentication.logout.LogoutFilter@1b8fe9aa, org.springframework.security.web.authentication.UsernamePasswordAuthenticationFilter@2aa92e26, org.springframework.security.web.savedrequest.RequestCacheAwareFilter@200f879a, org.springframework.security.web.servletapi.SecurityContextHolderAwareRequestFilter@7c84806, org.springframework.security.web.authentication.rememberme.RememberMeAuthenticationFilter@4e0f4060, org.springframework.security.web.authentication.AnonymousAuthenticationFilter@797735d, org.springframework.security.web.access.ExceptionTranslationFilter@6b398b26, org.springframework.security.web.access.intercept.AuthorizationFilter@2ad6684]
2024-02-15T14:33:15.981+07:00  WARN 50944 --- [restartedMain] o.s.s.c.a.web.builders.WebSecurity       : You are asking Spring Security to ignore Mvc [pattern='/images/**']. This is not recommended -- please use permitAll via HttpSecurity#authorizeHttpRequests instead.
2024-02-15T14:33:15.981+07:00  INFO 50944 --- [restartedMain] o.s.s.web.DefaultSecurityFilterChain     : Will not secure Mvc [pattern='/images/**']
2024-02-15T14:33:15.981+07:00  WARN 50944 --- [restartedMain] o.s.s.c.a.web.builders.WebSecurity       : You are asking Spring Security to ignore Mvc [pattern='/js/**']. This is not recommended -- please use permitAll via HttpSecurity#authorizeHttpRequests instead.
2024-02-15T14:33:15.982+07:00  INFO 50944 --- [restartedMain] o.s.s.web.DefaultSecurityFilterChain     : Will not secure Mvc [pattern='/js/**']
2024-02-15T14:33:15.982+07:00  WARN 50944 --- [restartedMain] o.s.s.c.a.web.builders.WebSecurity       : You are asking Spring Security to ignore Mvc [pattern='webjars/**']. This is not recommended -- please use permitAll via HttpSecurity#authorizeHttpRequests instead.
2024-02-15T14:33:15.982+07:00  INFO 50944 --- [restartedMain] o.s.s.web.DefaultSecurityFilterChain     : Will not secure Mvc [pattern='webjars/**']
2024-02-15T14:33:16.064+07:00  INFO 50944 --- [restartedMain] o.s.b.d.a.OptionalLiveReloadServer       : LiveReload server is running on port 35729
2024-02-15T14:33:16.075+07:00  INFO 50944 --- [restartedMain] o.s.b.w.embedded.tomcat.TomcatWebServer  : Tomcat started on port(s): 8080 (http) with context path '/ShopmeAdmin'
2024-02-15T14:33:16.079+07:00  INFO 50944 --- [restartedMain] c.shopme.admin.ShopmeBackEndApplication  : Started ShopmeBackEndApplication in 1.012 seconds (process running for 642.524)
2024-02-15T14:33:16.080+07:00  INFO 50944 --- [restartedMain] .ConditionEvaluationDeltaLoggingListener : Condition evaluation unchanged
2024-02-15T14:33:17.519+07:00  INFO 50944 --- [File Watcher] rtingClassPathChangeChangedEventListener : Restarting due to 1 class path change (1 addition, 0 deletions, 0 modifications)
2024-02-15T14:33:17.527+07:00  INFO 50944 --- [Thread-55] o.apache.catalina.core.StandardService   : Stopping service [Tomcat]
2024-02-15T14:33:17.530+07:00  INFO 50944 --- [Thread-55] j.LocalContainerEntityManagerFactoryBean : Closing JPA EntityManagerFactory for persistence unit 'default'
2024-02-15T14:33:17.531+07:00  INFO 50944 --- [Thread-55] com.zaxxer.hikari.HikariDataSource       : HikariPool-14 - Shutdown initiated...
2024-02-15T14:33:17.532+07:00  INFO 50944 --- [Thread-55] com.zaxxer.hikari.HikariDataSource       : HikariPool-14 - Shutdown completed.
2024-02-15T14:33:17.590+07:00  INFO 50944 --- [restartedMain] c.shopme.admin.ShopmeBackEndApplication  : Starting ShopmeBackEndApplication using Java 17.0.3.1 with PID 50944 (D:\Workplace_thang\WorkPlace\projectShopme\ShopmeProject\ShopmeWebParent\ShopmeBackEnd\target\classes started by Quân Anh in D:\Workplace_thang\WorkPlace\projectShopme\ShopmeProject\ShopmeWebParent\ShopmeBackEnd)
2024-02-15T14:33:17.591+07:00  INFO 50944 --- [restartedMain] c.shopme.admin.ShopmeBackEndApplication  : No active profile set, falling back to 1 default profile: "default"
2024-02-15T14:33:17.723+07:00  INFO 50944 --- [restartedMain] .s.d.r.c.RepositoryConfigurationDelegate : Bootstrapping Spring Data JPA repositories in DEFAULT mode.
2024-02-15T14:33:17.732+07:00  INFO 50944 --- [restartedMain] .s.d.r.c.RepositoryConfigurationDelegate : Finished Spring Data repository scanning in 8 ms. Found 2 JPA repository interfaces.
2024-02-15T14:33:17.809+07:00  INFO 50944 --- [restartedMain] o.s.b.w.embedded.tomcat.TomcatWebServer  : Tomcat initialized with port(s): 8080 (http)
2024-02-15T14:33:17.809+07:00  INFO 50944 --- [restartedMain] o.apache.catalina.core.StandardService   : Starting service [Tomcat]
2024-02-15T14:33:17.809+07:00  INFO 50944 --- [restartedMain] o.apache.catalina.core.StandardEngine    : Starting Servlet engine: [Apache Tomcat/10.1.15]
2024-02-15T14:33:17.826+07:00  INFO 50944 --- [restartedMain] o.a.c.c.C.[.[localhost].[/ShopmeAdmin]   : Initializing Spring embedded WebApplicationContext
2024-02-15T14:33:17.826+07:00  INFO 50944 --- [restartedMain] w.s.c.ServletWebServerApplicationContext : Root WebApplicationContext: initialization completed in 234 ms
2024-02-15T14:33:17.883+07:00  INFO 50944 --- [restartedMain] o.hibernate.jpa.internal.util.LogHelper  : HHH000204: Processing PersistenceUnitInfo [name: default]
2024-02-15T14:33:17.889+07:00  INFO 50944 --- [restartedMain] o.s.o.j.p.SpringPersistenceUnitInfo      : No LoadTimeWeaver setup: ignoring JPA class transformer
2024-02-15T14:33:17.890+07:00  INFO 50944 --- [restartedMain] com.zaxxer.hikari.HikariDataSource       : HikariPool-15 - Starting...
2024-02-15T14:33:17.906+07:00  INFO 50944 --- [restartedMain] com.zaxxer.hikari.pool.HikariPool        : HikariPool-15 - Added connection ConnectionID:141 ClientConnectionId: 64edaf76-14ae-466d-a815-65517c238e02
2024-02-15T14:33:17.906+07:00  INFO 50944 --- [restartedMain] com.zaxxer.hikari.HikariDataSource       : HikariPool-15 - Start completed.
2024-02-15T14:33:17.907+07:00  WARN 50944 --- [restartedMain] org.hibernate.orm.deprecation            : HHH90000025: SQLServer2012Dialect does not need to be specified explicitly using 'hibernate.dialect' (remove the property setting and it will be selected by default)
2024-02-15T14:33:17.907+07:00  WARN 50944 --- [restartedMain] org.hibernate.orm.deprecation            : HHH90000026: SQLServer2012Dialect has been deprecated; use org.hibernate.dialect.SQLServerDialect instead
2024-02-15T14:33:17.934+07:00  INFO 50944 --- [restartedMain] o.h.e.t.j.p.i.JtaPlatformInitiator       : HHH000489: No JTA platform available (set 'hibernate.transaction.jta.platform' to enable JTA platform integration)
2024-02-15T14:33:17.961+07:00  INFO 50944 --- [restartedMain] j.LocalContainerEntityManagerFactoryBean : Initialized JPA EntityManagerFactory for persistence unit 'default'
2024-02-15T14:33:18.035+07:00  WARN 50944 --- [restartedMain] JpaBaseConfiguration$JpaWebConfiguration : spring.jpa.open-in-view is enabled by default. Therefore, database queries may be performed during view rendering. Explicitly configure spring.jpa.open-in-view to disable this warning
2024-02-15T14:33:18.057+07:00  INFO 50944 --- [restartedMain] o.s.b.a.w.s.WelcomePageHandlerMapping    : Adding welcome page template: index
2024-02-15T14:33:18.117+07:00  INFO 50944 --- [restartedMain] com.shopme.admin.MvcConfig               : D:\Workplace_thang\WorkPlace\projectShopme\ShopmeProject\ShopmeWebParent\ShopmeBackEnd\user-photos
2024-02-15T14:33:18.355+07:00  INFO 50944 --- [restartedMain] o.s.s.web.DefaultSecurityFilterChain     : Will secure any request with [org.springframework.security.web.session.DisableEncodeUrlFilter@3c030a71, org.springframework.security.web.context.request.async.WebAsyncManagerIntegrationFilter@10fdcff7, org.springframework.security.web.context.SecurityContextHolderFilter@61f51c69, org.springframework.security.web.header.HeaderWriterFilter@6afcf1f, org.springframework.security.web.csrf.CsrfFilter@4023fe4b, org.springframework.security.web.authentication.logout.LogoutFilter@206d02b0, org.springframework.security.web.authentication.UsernamePasswordAuthenticationFilter@42f6fd02, org.springframework.security.web.savedrequest.RequestCacheAwareFilter@3efb67ba, org.springframework.security.web.servletapi.SecurityContextHolderAwareRequestFilter@119dbfa0, org.springframework.security.web.authentication.rememberme.RememberMeAuthenticationFilter@a460f6e, org.springframework.security.web.authentication.AnonymousAuthenticationFilter@65163e07, org.springframework.security.web.access.ExceptionTranslationFilter@73bb9e43, org.springframework.security.web.access.intercept.AuthorizationFilter@39d2a016]
2024-02-15T14:33:18.357+07:00  WARN 50944 --- [restartedMain] o.s.s.c.a.web.builders.WebSecurity       : You are asking Spring Security to ignore Mvc [pattern='/images/**']. This is not recommended -- please use permitAll via HttpSecurity#authorizeHttpRequests instead.
2024-02-15T14:33:18.358+07:00  INFO 50944 --- [restartedMain] o.s.s.web.DefaultSecurityFilterChain     : Will not secure Mvc [pattern='/images/**']
2024-02-15T14:33:18.358+07:00  WARN 50944 --- [restartedMain] o.s.s.c.a.web.builders.WebSecurity       : You are asking Spring Security to ignore Mvc [pattern='/js/**']. This is not recommended -- please use permitAll via HttpSecurity#authorizeHttpRequests instead.
2024-02-15T14:33:18.358+07:00  INFO 50944 --- [restartedMain] o.s.s.web.DefaultSecurityFilterChain     : Will not secure Mvc [pattern='/js/**']
2024-02-15T14:33:18.358+07:00  WARN 50944 --- [restartedMain] o.s.s.c.a.web.builders.WebSecurity       : You are asking Spring Security to ignore Mvc [pattern='webjars/**']. This is not recommended -- please use permitAll via HttpSecurity#authorizeHttpRequests instead.
2024-02-15T14:33:18.358+07:00  INFO 50944 --- [restartedMain] o.s.s.web.DefaultSecurityFilterChain     : Will not secure Mvc [pattern='webjars/**']
2024-02-15T14:33:18.428+07:00  INFO 50944 --- [restartedMain] o.s.b.d.a.OptionalLiveReloadServer       : LiveReload server is running on port 35729
2024-02-15T14:33:18.437+07:00  INFO 50944 --- [restartedMain] o.s.b.w.embedded.tomcat.TomcatWebServer  : Tomcat started on port(s): 8080 (http) with context path '/ShopmeAdmin'
2024-02-15T14:33:18.441+07:00  INFO 50944 --- [restartedMain] c.shopme.admin.ShopmeBackEndApplication  : Started ShopmeBackEndApplication in 0.868 seconds (process running for 644.886)
2024-02-15T14:33:18.442+07:00  INFO 50944 --- [restartedMain] .ConditionEvaluationDeltaLoggingListener : Condition evaluation unchanged
2024-02-15T14:33:28.992+07:00  INFO 50944 --- [File Watcher] rtingClassPathChangeChangedEventListener : Restarting due to 1 class path change (0 additions, 1 deletion, 0 modifications)
2024-02-15T14:33:29.002+07:00  INFO 50944 --- [Thread-59] o.apache.catalina.core.StandardService   : Stopping service [Tomcat]
2024-02-15T14:33:29.005+07:00  INFO 50944 --- [Thread-59] j.LocalContainerEntityManagerFactoryBean : Closing JPA EntityManagerFactory for persistence unit 'default'
2024-02-15T14:33:29.006+07:00  INFO 50944 --- [Thread-59] com.zaxxer.hikari.HikariDataSource       : HikariPool-15 - Shutdown initiated...
2024-02-15T14:33:29.008+07:00  INFO 50944 --- [Thread-59] com.zaxxer.hikari.HikariDataSource       : HikariPool-15 - Shutdown completed.
2024-02-15T14:33:29.080+07:00  INFO 50944 --- [restartedMain] c.shopme.admin.ShopmeBackEndApplication  : Starting ShopmeBackEndApplication using Java 17.0.3.1 with PID 50944 (D:\Workplace_thang\WorkPlace\projectShopme\ShopmeProject\ShopmeWebParent\ShopmeBackEnd\target\classes started by Quân Anh in D:\Workplace_thang\WorkPlace\projectShopme\ShopmeProject\ShopmeWebParent\ShopmeBackEnd)
2024-02-15T14:33:29.080+07:00  INFO 50944 --- [restartedMain] c.shopme.admin.ShopmeBackEndApplication  : No active profile set, falling back to 1 default profile: "default"
2024-02-15T14:33:29.259+07:00  INFO 50944 --- [restartedMain] .s.d.r.c.RepositoryConfigurationDelegate : Bootstrapping Spring Data JPA repositories in DEFAULT mode.
2024-02-15T14:33:29.269+07:00  INFO 50944 --- [restartedMain] .s.d.r.c.RepositoryConfigurationDelegate : Finished Spring Data repository scanning in 9 ms. Found 2 JPA repository interfaces.
2024-02-15T14:33:29.375+07:00  INFO 50944 --- [restartedMain] o.s.b.w.embedded.tomcat.TomcatWebServer  : Tomcat initialized with port(s): 8080 (http)
2024-02-15T14:33:29.376+07:00  INFO 50944 --- [restartedMain] o.apache.catalina.core.StandardService   : Starting service [Tomcat]
2024-02-15T14:33:29.376+07:00  INFO 50944 --- [restartedMain] o.apache.catalina.core.StandardEngine    : Starting Servlet engine: [Apache Tomcat/10.1.15]
2024-02-15T14:33:29.394+07:00  INFO 50944 --- [restartedMain] o.a.c.c.C.[.[localhost].[/ShopmeAdmin]   : Initializing Spring embedded WebApplicationContext
2024-02-15T14:33:29.395+07:00  INFO 50944 --- [restartedMain] w.s.c.ServletWebServerApplicationContext : Root WebApplicationContext: initialization completed in 312 ms
2024-02-15T14:33:29.446+07:00  INFO 50944 --- [restartedMain] o.hibernate.jpa.internal.util.LogHelper  : HHH000204: Processing PersistenceUnitInfo [name: default]
2024-02-15T14:33:29.452+07:00  INFO 50944 --- [restartedMain] o.s.o.j.p.SpringPersistenceUnitInfo      : No LoadTimeWeaver setup: ignoring JPA class transformer
2024-02-15T14:33:29.453+07:00  INFO 50944 --- [restartedMain] com.zaxxer.hikari.HikariDataSource       : HikariPool-16 - Starting...
2024-02-15T14:33:29.471+07:00  INFO 50944 --- [restartedMain] com.zaxxer.hikari.pool.HikariPool        : HikariPool-16 - Added connection ConnectionID:151 ClientConnectionId: 361204ba-6a5d-4835-bd20-7768e8b3f238
2024-02-15T14:33:29.471+07:00  INFO 50944 --- [restartedMain] com.zaxxer.hikari.HikariDataSource       : HikariPool-16 - Start completed.
2024-02-15T14:33:29.472+07:00  WARN 50944 --- [restartedMain] org.hibernate.orm.deprecation            : HHH90000025: SQLServer2012Dialect does not need to be specified explicitly using 'hibernate.dialect' (remove the property setting and it will be selected by default)
2024-02-15T14:33:29.472+07:00  WARN 50944 --- [restartedMain] org.hibernate.orm.deprecation            : HHH90000026: SQLServer2012Dialect has been deprecated; use org.hibernate.dialect.SQLServerDialect instead
2024-02-15T14:33:29.501+07:00  INFO 50944 --- [restartedMain] o.h.e.t.j.p.i.JtaPlatformInitiator       : HHH000489: No JTA platform available (set 'hibernate.transaction.jta.platform' to enable JTA platform integration)
2024-02-15T14:33:29.530+07:00  INFO 50944 --- [restartedMain] j.LocalContainerEntityManagerFactoryBean : Initialized JPA EntityManagerFactory for persistence unit 'default'
2024-02-15T14:33:29.622+07:00  WARN 50944 --- [restartedMain] JpaBaseConfiguration$JpaWebConfiguration : spring.jpa.open-in-view is enabled by default. Therefore, database queries may be performed during view rendering. Explicitly configure spring.jpa.open-in-view to disable this warning
2024-02-15T14:33:29.651+07:00  INFO 50944 --- [restartedMain] o.s.b.a.w.s.WelcomePageHandlerMapping    : Adding welcome page template: index
2024-02-15T14:33:29.726+07:00  INFO 50944 --- [restartedMain] com.shopme.admin.MvcConfig               : D:\Workplace_thang\WorkPlace\projectShopme\ShopmeProject\ShopmeWebParent\ShopmeBackEnd\user-photos
2024-02-15T14:33:30.006+07:00  INFO 50944 --- [restartedMain] o.s.s.web.DefaultSecurityFilterChain     : Will secure any request with [org.springframework.security.web.session.DisableEncodeUrlFilter@50c32fca, org.springframework.security.web.context.request.async.WebAsyncManagerIntegrationFilter@57ae3d76, org.springframework.security.web.context.SecurityContextHolderFilter@39536b67, org.springframework.security.web.header.HeaderWriterFilter@2f559dd0, org.springframework.security.web.csrf.CsrfFilter@8f7c6a8, org.springframework.security.web.authentication.logout.LogoutFilter@28347f, org.springframework.security.web.authentication.UsernamePasswordAuthenticationFilter@7093b3c1, org.springframework.security.web.savedrequest.RequestCacheAwareFilter@fa72863, org.springframework.security.web.servletapi.SecurityContextHolderAwareRequestFilter@213ac9f1, org.springframework.security.web.authentication.rememberme.RememberMeAuthenticationFilter@31d9fa60, org.springframework.security.web.authentication.AnonymousAuthenticationFilter@3a4e81f9, org.springframework.security.web.access.ExceptionTranslationFilter@796afb35, org.springframework.security.web.access.intercept.AuthorizationFilter@4178d246]
2024-02-15T14:33:30.009+07:00  WARN 50944 --- [restartedMain] o.s.s.c.a.web.builders.WebSecurity       : You are asking Spring Security to ignore Mvc [pattern='/images/**']. This is not recommended -- please use permitAll via HttpSecurity#authorizeHttpRequests instead.
2024-02-15T14:33:30.009+07:00  INFO 50944 --- [restartedMain] o.s.s.web.DefaultSecurityFilterChain     : Will not secure Mvc [pattern='/images/**']
2024-02-15T14:33:30.009+07:00  WARN 50944 --- [restartedMain] o.s.s.c.a.web.builders.WebSecurity       : You are asking Spring Security to ignore Mvc [pattern='/js/**']. This is not recommended -- please use permitAll via HttpSecurity#authorizeHttpRequests instead.
2024-02-15T14:33:30.009+07:00  INFO 50944 --- [restartedMain] o.s.s.web.DefaultSecurityFilterChain     : Will not secure Mvc [pattern='/js/**']
2024-02-15T14:33:30.009+07:00  WARN 50944 --- [restartedMain] o.s.s.c.a.web.builders.WebSecurity       : You are asking Spring Security to ignore Mvc [pattern='webjars/**']. This is not recommended -- please use permitAll via HttpSecurity#authorizeHttpRequests instead.
2024-02-15T14:33:30.009+07:00  INFO 50944 --- [restartedMain] o.s.s.web.DefaultSecurityFilterChain     : Will not secure Mvc [pattern='webjars/**']
2024-02-15T14:33:30.082+07:00  INFO 50944 --- [restartedMain] o.s.b.d.a.OptionalLiveReloadServer       : LiveReload server is running on port 35729
2024-02-15T14:33:30.094+07:00  INFO 50944 --- [restartedMain] o.s.b.w.embedded.tomcat.TomcatWebServer  : Tomcat started on port(s): 8080 (http) with context path '/ShopmeAdmin'
2024-02-15T14:33:30.097+07:00  INFO 50944 --- [restartedMain] c.shopme.admin.ShopmeBackEndApplication  : Started ShopmeBackEndApplication in 1.04 seconds (process running for 656.542)
2024-02-15T14:33:30.098+07:00  INFO 50944 --- [restartedMain] .ConditionEvaluationDeltaLoggingListener : Condition evaluation unchanged
2024-02-15T14:33:30.573+07:00  INFO 50944 --- [SpringApplicationShutdownHook] j.LocalContainerEntityManagerFactoryBean : Closing JPA EntityManagerFactory for persistence unit 'default'
2024-02-15T14:33:30.574+07:00  INFO 50944 --- [SpringApplicationShutdownHook] com.zaxxer.hikari.HikariDataSource       : HikariPool-16 - Shutdown initiated...
2024-02-15T14:33:30.575+07:00  INFO 50944 --- [SpringApplicationShutdownHook] com.zaxxer.hikari.HikariDataSource       : HikariPool-16 - Shutdown completed.
2024-02-15T14:33:36.954+07:00  INFO 47232 --- [restartedMain] c.shopme.admin.ShopmeBackEndApplication  : Starting ShopmeBackEndApplication using Java 17.0.3.1 with PID 47232 (D:\Workplace_thang\WorkPlace\projectShopme\ShopmeProject\ShopmeWebParent\ShopmeBackEnd\target\classes started by Quân Anh in D:\Workplace_thang\WorkPlace\projectShopme\ShopmeProject\ShopmeWebParent\ShopmeBackEnd)
2024-02-15T14:33:36.957+07:00  INFO 47232 --- [restartedMain] c.shopme.admin.ShopmeBackEndApplication  : No active profile set, falling back to 1 default profile: "default"
2024-02-15T14:33:36.996+07:00  INFO 47232 --- [restartedMain] .e.DevToolsPropertyDefaultsPostProcessor : Devtools property defaults active! Set 'spring.devtools.add-properties' to 'false' to disable
2024-02-15T14:33:36.996+07:00  INFO 47232 --- [restartedMain] .e.DevToolsPropertyDefaultsPostProcessor : For additional web related logging consider setting the 'logging.level.web' property to 'DEBUG'
2024-02-15T14:33:37.612+07:00  INFO 47232 --- [restartedMain] .s.d.r.c.RepositoryConfigurationDelegate : Bootstrapping Spring Data JPA repositories in DEFAULT mode.
2024-02-15T14:33:37.669+07:00  INFO 47232 --- [restartedMain] .s.d.r.c.RepositoryConfigurationDelegate : Finished Spring Data repository scanning in 50 ms. Found 2 JPA repository interfaces.
2024-02-15T14:33:38.252+07:00  INFO 47232 --- [restartedMain] o.s.b.w.embedded.tomcat.TomcatWebServer  : Tomcat initialized with port(s): 8080 (http)
2024-02-15T14:33:38.260+07:00  INFO 47232 --- [restartedMain] o.apache.catalina.core.StandardService   : Starting service [Tomcat]
2024-02-15T14:33:38.260+07:00  INFO 47232 --- [restartedMain] o.apache.catalina.core.StandardEngine    : Starting Servlet engine: [Apache Tomcat/10.1.15]
2024-02-15T14:33:38.308+07:00  INFO 47232 --- [restartedMain] o.a.c.c.C.[.[localhost].[/ShopmeAdmin]   : Initializing Spring embedded WebApplicationContext
2024-02-15T14:33:38.309+07:00  INFO 47232 --- [restartedMain] w.s.c.ServletWebServerApplicationContext : Root WebApplicationContext: initialization completed in 1312 ms
2024-02-15T14:33:38.471+07:00  INFO 47232 --- [restartedMain] o.hibernate.jpa.internal.util.LogHelper  : HHH000204: Processing PersistenceUnitInfo [name: default]
2024-02-15T14:33:38.522+07:00  INFO 47232 --- [restartedMain] org.hibernate.Version                    : HHH000412: Hibernate ORM core version 6.2.13.Final
2024-02-15T14:33:38.523+07:00  INFO 47232 --- [restartedMain] org.hibernate.cfg.Environment            : HHH000406: Using bytecode reflection optimizer
2024-02-15T14:33:38.757+07:00  INFO 47232 --- [restartedMain] o.s.o.j.p.SpringPersistenceUnitInfo      : No LoadTimeWeaver setup: ignoring JPA class transformer
2024-02-15T14:33:38.779+07:00  INFO 47232 --- [restartedMain] com.zaxxer.hikari.HikariDataSource       : HikariPool-1 - Starting...
2024-02-15T14:33:38.974+07:00  INFO 47232 --- [restartedMain] com.zaxxer.hikari.pool.HikariPool        : HikariPool-1 - Added connection ConnectionID:1 ClientConnectionId: 1d3aacc4-d96c-4d0c-9549-64bcb18095f5
2024-02-15T14:33:38.975+07:00  INFO 47232 --- [restartedMain] com.zaxxer.hikari.HikariDataSource       : HikariPool-1 - Start completed.
2024-02-15T14:33:38.996+07:00  WARN 47232 --- [restartedMain] org.hibernate.orm.deprecation            : HHH90000025: SQLServer2012Dialect does not need to be specified explicitly using 'hibernate.dialect' (remove the property setting and it will be selected by default)
2024-02-15T14:33:38.997+07:00  WARN 47232 --- [restartedMain] org.hibernate.orm.deprecation            : HHH90000026: SQLServer2012Dialect has been deprecated; use org.hibernate.dialect.SQLServerDialect instead
2024-02-15T14:33:39.720+07:00  INFO 47232 --- [restartedMain] o.h.e.t.j.p.i.JtaPlatformInitiator       : HHH000489: No JTA platform available (set 'hibernate.transaction.jta.platform' to enable JTA platform integration)
2024-02-15T14:33:40.479+07:00  INFO 47232 --- [restartedMain] j.LocalContainerEntityManagerFactoryBean : Initialized JPA EntityManagerFactory for persistence unit 'default'
2024-02-15T14:33:40.692+07:00  INFO 47232 --- [restartedMain] o.s.d.j.r.query.QueryEnhancerFactory     : Hibernate is in classpath; If applicable, HQL parser will be used.
2024-02-15T14:33:41.135+07:00  WARN 47232 --- [restartedMain] JpaBaseConfiguration$JpaWebConfiguration : spring.jpa.open-in-view is enabled by default. Therefore, database queries may be performed during view rendering. Explicitly configure spring.jpa.open-in-view to disable this warning
2024-02-15T14:33:41.227+07:00  INFO 47232 --- [restartedMain] o.s.b.a.w.s.WelcomePageHandlerMapping    : Adding welcome page template: index
2024-02-15T14:33:41.356+07:00  INFO 47232 --- [restartedMain] com.shopme.admin.MvcConfig               : D:\Workplace_thang\WorkPlace\projectShopme\ShopmeProject\ShopmeWebParent\ShopmeBackEnd\user-photos
2024-02-15T14:33:41.716+07:00  INFO 47232 --- [restartedMain] o.s.s.web.DefaultSecurityFilterChain     : Will secure any request with [org.springframework.security.web.session.DisableEncodeUrlFilter@546f7876, org.springframework.security.web.context.request.async.WebAsyncManagerIntegrationFilter@7fb69b62, org.springframework.security.web.context.SecurityContextHolderFilter@6330f6fa, org.springframework.security.web.header.HeaderWriterFilter@248ff4aa, org.springframework.security.web.csrf.CsrfFilter@299b6708, org.springframework.security.web.authentication.logout.LogoutFilter@2fc5565c, org.springframework.security.web.authentication.UsernamePasswordAuthenticationFilter@6398d418, org.springframework.security.web.savedrequest.RequestCacheAwareFilter@7baa79f3, org.springframework.security.web.servletapi.SecurityContextHolderAwareRequestFilter@3c1cb548, org.springframework.security.web.authentication.rememberme.RememberMeAuthenticationFilter@5a46521, org.springframework.security.web.authentication.AnonymousAuthenticationFilter@599d64d8, org.springframework.security.web.access.ExceptionTranslationFilter@5d13c492, org.springframework.security.web.access.intercept.AuthorizationFilter@174c6dcc]
2024-02-15T14:33:41.720+07:00  WARN 47232 --- [restartedMain] o.s.s.c.a.web.builders.WebSecurity       : You are asking Spring Security to ignore Mvc [pattern='/images/**']. This is not recommended -- please use permitAll via HttpSecurity#authorizeHttpRequests instead.
2024-02-15T14:33:41.720+07:00  INFO 47232 --- [restartedMain] o.s.s.web.DefaultSecurityFilterChain     : Will not secure Mvc [pattern='/images/**']
2024-02-15T14:33:41.721+07:00  WARN 47232 --- [restartedMain] o.s.s.c.a.web.builders.WebSecurity       : You are asking Spring Security to ignore Mvc [pattern='/js/**']. This is not recommended -- please use permitAll via HttpSecurity#authorizeHttpRequests instead.
2024-02-15T14:33:41.721+07:00  INFO 47232 --- [restartedMain] o.s.s.web.DefaultSecurityFilterChain     : Will not secure Mvc [pattern='/js/**']
2024-02-15T14:33:41.721+07:00  WARN 47232 --- [restartedMain] o.s.s.c.a.web.builders.WebSecurity       : You are asking Spring Security to ignore Mvc [pattern='webjars/**']. This is not recommended -- please use permitAll via HttpSecurity#authorizeHttpRequests instead.
2024-02-15T14:33:41.721+07:00  INFO 47232 --- [restartedMain] o.s.s.web.DefaultSecurityFilterChain     : Will not secure Mvc [pattern='webjars/**']
2024-02-15T14:33:41.917+07:00  INFO 47232 --- [restartedMain] o.s.b.d.a.OptionalLiveReloadServer       : LiveReload server is running on port 35729
2024-02-15T14:33:41.950+07:00  INFO 47232 --- [restartedMain] o.s.b.w.embedded.tomcat.TomcatWebServer  : Tomcat started on port(s): 8080 (http) with context path '/ShopmeAdmin'
2024-02-15T14:33:41.960+07:00  INFO 47232 --- [restartedMain] c.shopme.admin.ShopmeBackEndApplication  : Started ShopmeBackEndApplication in 5.365 seconds (process running for 5.988)
2024-02-15T14:33:53.279+07:00  INFO 47232 --- [http-nio-8080-exec-1] o.a.c.c.C.[.[localhost].[/ShopmeAdmin]   : Initializing Spring DispatcherServlet 'dispatcherServlet'
2024-02-15T14:33:53.279+07:00  INFO 47232 --- [http-nio-8080-exec-1] o.s.web.servlet.DispatcherServlet        : Initializing Servlet 'dispatcherServlet'
2024-02-15T14:33:53.281+07:00  INFO 47232 --- [http-nio-8080-exec-1] o.s.web.servlet.DispatcherServlet        : Completed initialization in 2 ms
2024-02-15T14:33:53.622+07:00  WARN 47232 --- [http-nio-8080-exec-1] actStandardFragmentInsertionTagProcessor : [THYMELEAF][http-nio-8080-exec-1][users/user_form] Deprecated unwrapped fragment expression "fragments :: page_head(${pageTitle})" found in template users/user_form, line 3, col 7. Please use the complete syntax of fragment expressions instead ("~{fragments :: page_head(${pageTitle})}"). The old, unwrapped syntax for fragment expressions will be removed in future versions of Thymeleaf.
2024-02-15T14:33:53.685+07:00  WARN 47232 --- [http-nio-8080-exec-1] actStandardFragmentInsertionTagProcessor : [THYMELEAF][http-nio-8080-exec-1][users/user_form] Deprecated unwrapped fragment expression "navigation :: menu" found in template users/user_form, line 7, col 14. Please use the complete syntax of fragment expressions instead ("~{navigation :: menu}"). The old, unwrapped syntax for fragment expressions will be removed in future versions of Thymeleaf.
2024-02-15T14:33:53.763+07:00  WARN 47232 --- [http-nio-8080-exec-1] actStandardFragmentInsertionTagProcessor : [THYMELEAF][http-nio-8080-exec-1][users/user_form] Deprecated unwrapped fragment expression "fragments :: footer" found in template users/user_form, line 93, col 14. Please use the complete syntax of fragment expressions instead ("~{fragments :: footer}"). The old, unwrapped syntax for fragment expressions will be removed in future versions of Thymeleaf.
2024-02-15T14:34:04.884+07:00  INFO 47232 --- [http-nio-8080-exec-7] com.shopme.admin.FileUploadUtil          : Save complete!
2024-02-15T14:34:04.925+07:00  WARN 47232 --- [http-nio-8080-exec-7] actStandardFragmentInsertionTagProcessor : [THYMELEAF][http-nio-8080-exec-7][users/users] Deprecated unwrapped fragment expression "fragments :: page_head('Users - Shopme Admin')" found in template users/users, line 3, col 7. Please use the complete syntax of fragment expressions instead ("~{fragments :: page_head('Users - Shopme Admin')}"). The old, unwrapped syntax for fragment expressions will be removed in future versions of Thymeleaf.
2024-02-15T14:34:04.930+07:00  WARN 47232 --- [http-nio-8080-exec-7] actStandardFragmentInsertionTagProcessor : [THYMELEAF][http-nio-8080-exec-7][users/users] Deprecated unwrapped fragment expression "navigation :: menu" found in template users/users, line 6, col 14. Please use the complete syntax of fragment expressions instead ("~{navigation :: menu}"). The old, unwrapped syntax for fragment expressions will be removed in future versions of Thymeleaf.
2024-02-15T14:34:04.954+07:00  WARN 47232 --- [http-nio-8080-exec-7] actStandardFragmentInsertionTagProcessor : [THYMELEAF][http-nio-8080-exec-7][users/users] Deprecated unwrapped fragment expression "fragments :: column_link('id','User ID','tag')" found in template users/users, line 42, col 33. Please use the complete syntax of fragment expressions instead ("~{fragments :: column_link('id','User ID','tag')}"). The old, unwrapped syntax for fragment expressions will be removed in future versions of Thymeleaf.
2024-02-15T14:34:04.958+07:00  WARN 47232 --- [http-nio-8080-exec-7] actStandardFragmentInsertionTagProcessor : [THYMELEAF][http-nio-8080-exec-7][users/users] Deprecated unwrapped fragment expression "fragments :: column_link('email','E-mail','tag')" found in template users/users, line 46, col 29. Please use the complete syntax of fragment expressions instead ("~{fragments :: column_link('email','E-mail','tag')}"). The old, unwrapped syntax for fragment expressions will be removed in future versions of Thymeleaf.
2024-02-15T14:34:04.960+07:00  WARN 47232 --- [http-nio-8080-exec-7] actStandardFragmentInsertionTagProcessor : [THYMELEAF][http-nio-8080-exec-7][users/users] Deprecated unwrapped fragment expression "fragments :: column_link('firstName','First Name','none')" found in template users/users, line 48, col 29. Please use the complete syntax of fragment expressions instead ("~{fragments :: column_link('firstName','First Name','none')}"). The old, unwrapped syntax for fragment expressions will be removed in future versions of Thymeleaf.
2024-02-15T14:34:04.962+07:00  WARN 47232 --- [http-nio-8080-exec-7] actStandardFragmentInsertionTagProcessor : [THYMELEAF][http-nio-8080-exec-7][users/users] Deprecated unwrapped fragment expression "fragments :: column_link('lastName','Last Name','none')" found in template users/users, line 49, col 29. Please use the complete syntax of fragment expressions instead ("~{fragments :: column_link('lastName','Last Name','none')}"). The old, unwrapped syntax for fragment expressions will be removed in future versions of Thymeleaf.
2024-02-15T14:34:04.964+07:00  WARN 47232 --- [http-nio-8080-exec-7] actStandardFragmentInsertionTagProcessor : [THYMELEAF][http-nio-8080-exec-7][users/users] Deprecated unwrapped fragment expression "fragments :: column_link('enabled','Enabled','none')" found in template users/users, line 51, col 29. Please use the complete syntax of fragment expressions instead ("~{fragments :: column_link('enabled','Enabled','none')}"). The old, unwrapped syntax for fragment expressions will be removed in future versions of Thymeleaf.
2024-02-15T14:34:04.976+07:00  WARN 47232 --- [http-nio-8080-exec-7] actStandardFragmentInsertionTagProcessor : [THYMELEAF][http-nio-8080-exec-7][users/users] Deprecated unwrapped fragment expression "fragments :: footer" found in template users/users, line 154, col 14. Please use the complete syntax of fragment expressions instead ("~{fragments :: footer}"). The old, unwrapped syntax for fragment expressions will be removed in future versions of Thymeleaf.
2024-02-15T14:37:35.319+07:00  INFO 47232 --- [File Watcher] rtingClassPathChangeChangedEventListener : Restarting due to 1 class path change (0 additions, 0 deletions, 1 modification)
2024-02-15T14:37:35.329+07:00  INFO 47232 --- [Thread-5] o.apache.catalina.core.StandardService   : Stopping service [Tomcat]
2024-02-15T14:37:35.330+07:00  INFO 47232 --- [Thread-5] o.a.c.c.C.[.[localhost].[/ShopmeAdmin]   : Destroying Spring FrameworkServlet 'dispatcherServlet'
2024-02-15T14:37:35.335+07:00  WARN 47232 --- [Thread-5] o.a.c.c.C.[.[localhost].[/ShopmeAdmin]   : Cannot serialize session attribute [SPRING_SECURITY_CONTEXT] for session [4DEDB3EF69A4CA5ABABBED4C82537B3F]

java.io.NotSerializableException: com.shopme.common.entity.User
	at java.base/java.io.ObjectOutputStream.writeObject0(ObjectOutputStream.java:1197) ~[na:na]
	at java.base/java.io.ObjectOutputStream.defaultWriteFields(ObjectOutputStream.java:1582) ~[na:na]
	at java.base/java.io.ObjectOutputStream.writeSerialData(ObjectOutputStream.java:1539) ~[na:na]
	at java.base/java.io.ObjectOutputStream.writeOrdinaryObject(ObjectOutputStream.java:1448) ~[na:na]
	at java.base/java.io.ObjectOutputStream.writeObject0(ObjectOutputStream.java:1191) ~[na:na]
	at java.base/java.io.ObjectOutputStream.defaultWriteFields(ObjectOutputStream.java:1582) ~[na:na]
	at java.base/java.io.ObjectOutputStream.writeSerialData(ObjectOutputStream.java:1539) ~[na:na]
	at java.base/java.io.ObjectOutputStream.writeOrdinaryObject(ObjectOutputStream.java:1448) ~[na:na]
	at java.base/java.io.ObjectOutputStream.writeObject0(ObjectOutputStream.java:1191) ~[na:na]
	at java.base/java.io.ObjectOutputStream.defaultWriteFields(ObjectOutputStream.java:1582) ~[na:na]
	at java.base/java.io.ObjectOutputStream.writeSerialData(ObjectOutputStream.java:1539) ~[na:na]
	at java.base/java.io.ObjectOutputStream.writeOrdinaryObject(ObjectOutputStream.java:1448) ~[na:na]
	at java.base/java.io.ObjectOutputStream.writeObject0(ObjectOutputStream.java:1191) ~[na:na]
	at java.base/java.io.ObjectOutputStream.writeObject(ObjectOutputStream.java:354) ~[na:na]
	at org.apache.catalina.session.StandardSession.doWriteObject(StandardSession.java:1526) ~[tomcat-embed-core-10.1.15.jar:10.1.15]
	at org.apache.catalina.session.StandardSession.writeObjectData(StandardSession.java:1000) ~[tomcat-embed-core-10.1.15.jar:10.1.15]
	at org.apache.catalina.session.StandardManager.doUnload(StandardManager.java:307) ~[tomcat-embed-core-10.1.15.jar:10.1.15]
	at org.apache.catalina.session.StandardManager.unload(StandardManager.java:259) ~[tomcat-embed-core-10.1.15.jar:10.1.15]
	at org.apache.catalina.session.StandardManager.stopInternal(StandardManager.java:374) ~[tomcat-embed-core-10.1.15.jar:10.1.15]
	at org.apache.catalina.util.LifecycleBase.stop(LifecycleBase.java:242) ~[tomcat-embed-core-10.1.15.jar:10.1.15]
	at org.apache.catalina.core.StandardContext.stopInternal(StandardContext.java:5089) ~[tomcat-embed-core-10.1.15.jar:10.1.15]
	at org.apache.catalina.util.LifecycleBase.stop(LifecycleBase.java:242) ~[tomcat-embed-core-10.1.15.jar:10.1.15]
	at org.apache.catalina.core.ContainerBase$StopChild.call(ContainerBase.java:1348) ~[tomcat-embed-core-10.1.15.jar:10.1.15]
	at org.apache.catalina.core.ContainerBase$StopChild.call(ContainerBase.java:1337) ~[tomcat-embed-core-10.1.15.jar:10.1.15]
	at java.base/java.util.concurrent.FutureTask.run(FutureTask.java:264) ~[na:na]
	at org.apache.tomcat.util.threads.InlineExecutorService.execute(InlineExecutorService.java:75) ~[tomcat-embed-core-10.1.15.jar:10.1.15]
	at java.base/java.util.concurrent.AbstractExecutorService.submit(AbstractExecutorService.java:145) ~[na:na]
	at org.apache.catalina.core.ContainerBase.stopInternal(ContainerBase.java:931) ~[tomcat-embed-core-10.1.15.jar:10.1.15]
	at org.apache.catalina.util.LifecycleBase.stop(LifecycleBase.java:242) ~[tomcat-embed-core-10.1.15.jar:10.1.15]
	at org.apache.catalina.core.ContainerBase$StopChild.call(ContainerBase.java:1348) ~[tomcat-embed-core-10.1.15.jar:10.1.15]
	at org.apache.catalina.core.ContainerBase$StopChild.call(ContainerBase.java:1337) ~[tomcat-embed-core-10.1.15.jar:10.1.15]
	at java.base/java.util.concurrent.FutureTask.run(FutureTask.java:264) ~[na:na]
	at org.apache.tomcat.util.threads.InlineExecutorService.execute(InlineExecutorService.java:75) ~[tomcat-embed-core-10.1.15.jar:10.1.15]
	at java.base/java.util.concurrent.AbstractExecutorService.submit(AbstractExecutorService.java:145) ~[na:na]
	at org.apache.catalina.core.ContainerBase.stopInternal(ContainerBase.java:931) ~[tomcat-embed-core-10.1.15.jar:10.1.15]
	at org.apache.catalina.util.LifecycleBase.stop(LifecycleBase.java:242) ~[tomcat-embed-core-10.1.15.jar:10.1.15]
	at org.apache.catalina.core.StandardService.stopInternal(StandardService.java:496) ~[tomcat-embed-core-10.1.15.jar:10.1.15]
	at org.apache.catalina.util.LifecycleBase.stop(LifecycleBase.java:242) ~[tomcat-embed-core-10.1.15.jar:10.1.15]
	at org.apache.catalina.core.StandardServer.stopInternal(StandardServer.java:969) ~[tomcat-embed-core-10.1.15.jar:10.1.15]
	at org.apache.catalina.util.LifecycleBase.stop(LifecycleBase.java:242) ~[tomcat-embed-core-10.1.15.jar:10.1.15]
	at org.apache.catalina.startup.Tomcat.stop(Tomcat.java:498) ~[tomcat-embed-core-10.1.15.jar:10.1.15]
	at org.springframework.boot.web.embedded.tomcat.TomcatWebServer.stopTomcat(TomcatWebServer.java:273) ~[spring-boot-3.1.5.jar:3.1.5]
	at org.springframework.boot.web.embedded.tomcat.TomcatWebServer.stop(TomcatWebServer.java:331) ~[spring-boot-3.1.5.jar:3.1.5]
	at org.springframework.boot.web.servlet.context.WebServerStartStopLifecycle.stop(WebServerStartStopLifecycle.java:53) ~[spring-boot-3.1.5.jar:3.1.5]
	at org.springframework.context.SmartLifecycle.stop(SmartLifecycle.java:117) ~[spring-context-6.0.13.jar:6.0.13]
	at org.springframework.context.support.DefaultLifecycleProcessor.doStop(DefaultLifecycleProcessor.java:235) ~[spring-context-6.0.13.jar:6.0.13]
	at org.springframework.context.support.DefaultLifecycleProcessor$LifecycleGroup.stop(DefaultLifecycleProcessor.java:374) ~[spring-context-6.0.13.jar:6.0.13]
	at org.springframework.context.support.DefaultLifecycleProcessor.stopBeans(DefaultLifecycleProcessor.java:207) ~[spring-context-6.0.13.jar:6.0.13]
	at org.springframework.context.support.DefaultLifecycleProcessor.onClose(DefaultLifecycleProcessor.java:130) ~[spring-context-6.0.13.jar:6.0.13]
	at org.springframework.context.support.AbstractApplicationContext.doClose(AbstractApplicationContext.java:1076) ~[spring-context-6.0.13.jar:6.0.13]
	at org.springframework.boot.web.servlet.context.ServletWebServerApplicationContext.doClose(ServletWebServerApplicationContext.java:173) ~[spring-boot-3.1.5.jar:3.1.5]
	at org.springframework.context.support.AbstractApplicationContext.close(AbstractApplicationContext.java:1035) ~[spring-context-6.0.13.jar:6.0.13]
	at org.springframework.boot.devtools.restart.Restarter.stop(Restarter.java:308) ~[spring-boot-devtools-3.1.5.jar:3.1.5]
	at org.springframework.boot.devtools.restart.Restarter.lambda$restart$1(Restarter.java:250) ~[spring-boot-devtools-3.1.5.jar:3.1.5]
	at org.springframework.boot.devtools.restart.Restarter$LeakSafeThread.run(Restarter.java:614) ~[spring-boot-devtools-3.1.5.jar:3.1.5]

2024-02-15T14:37:35.344+07:00  INFO 47232 --- [Thread-5] j.LocalContainerEntityManagerFactoryBean : Closing JPA EntityManagerFactory for persistence unit 'default'
2024-02-15T14:37:35.347+07:00  INFO 47232 --- [Thread-5] com.zaxxer.hikari.HikariDataSource       : HikariPool-1 - Shutdown initiated...
2024-02-15T14:37:35.350+07:00  INFO 47232 --- [Thread-5] com.zaxxer.hikari.HikariDataSource       : HikariPool-1 - Shutdown completed.
